This file contains any messages produced by compilers while
running configure, to aid debugging if configure makes a mistake.

It was created by configure, which was
generated by GNU Autoconf 2.59.  Invocation command line was

  $ ../sqlite-2.8.17/configure 

## --------- ##
## Platform. ##
## --------- ##

hostname = PJH-SERVER
uname -m = x86_64
uname -r = 4.6.7
uname -s = Linux
uname -v = #1 SMP Mon Aug 22 06:57:17 EDT 2016

/usr/bin/uname -p = unknown
/bin/uname -X     = unknown

/bin/arch              = unknown
/usr/bin/arch -k       = unknown
/usr/convex/getsysinfo = unknown
hostinfo               = unknown
/bin/machine           = unknown
/usr/bin/oslevel       = unknown
/bin/universe          = unknown

PATH: /home/jonghyeok/MySQL/workspace/bin
PATH: /usr/local/sbin
PATH: /usr/local/bin
PATH: /usr/sbin
PATH: /usr/bin
PATH: /sbin
PATH: /bin
PATH: /usr/games
PATH: /usr/local/games
PATH: /home/jonghyeok/xilinx/SDK/2014.4/gnu/arm/lin/bin
PATH: /home/jonghyeok/xilinx/SDK/2014.4/gnu/arm/lin/bin
PATH: /home/jonghyeok/xilinx/SDK/2014.4/gnu/arm/lin/bin


## ----------- ##
## Core tests. ##
## ----------- ##

configure:1605: checking build system type
configure:1623: result: x86_64-unknown-linux-gnu
configure:1631: checking host system type
configure:1645: result: x86_64-unknown-linux-gnu
configure:1699: checking for gcc
configure:1715: found /usr/bin/gcc
configure:1725: result: gcc
configure:1969: checking for C compiler version
configure:1972: gcc --version </dev/null >&5
gcc (Ubuntu 4.8.4-2ubuntu1~14.04.3) 4.8.4
Copyright (C) 2013 Free Software Foundation, Inc.
This is free software; see the source for copying conditions.  There is NO
warranty; not even for MERCHANTABILITY or FITNESS FOR A PARTICULAR PURPOSE.

configure:1975: $? = 0
configure:1977: gcc -v </dev/null >&5
Using built-in specs.
COLLECT_GCC=gcc
COLLECT_LTO_WRAPPER=/usr/lib/gcc/x86_64-linux-gnu/4.8/lto-wrapper
Target: x86_64-linux-gnu
Configured with: ../src/configure -v --with-pkgversion='Ubuntu 4.8.4-2ubuntu1~14.04.3' --with-bugurl=file:///usr/share/doc/gcc-4.8/README.Bugs --enable-languages=c,c++,java,go,d,fortran,objc,obj-c++ --prefix=/usr --program-suffix=-4.8 --enable-shared --enable-linker-build-id --libexecdir=/usr/lib --without-included-gettext --enable-threads=posix --with-gxx-include-dir=/usr/include/c++/4.8 --libdir=/usr/lib --enable-nls --with-sysroot=/ --enable-clocale=gnu --enable-libstdcxx-debug --enable-libstdcxx-time=yes --enable-gnu-unique-object --disable-libmudflap --enable-plugin --with-system-zlib --disable-browser-plugin --enable-java-awt=gtk --enable-gtk-cairo --with-java-home=/usr/lib/jvm/java-1.5.0-gcj-4.8-amd64/jre --enable-java-home --with-jvm-root-dir=/usr/lib/jvm/java-1.5.0-gcj-4.8-amd64 --with-jvm-jar-dir=/usr/lib/jvm-exports/java-1.5.0-gcj-4.8-amd64 --with-arch-directory=amd64 --with-ecj-jar=/usr/share/java/eclipse-ecj.jar --enable-objc-gc --enable-multiarch --disable-werror --with-arch-32=i686 --with-abi=m64 --with-multilib-list=m32,m64,mx32 --with-tune=generic --enable-checking=release --build=x86_64-linux-gnu --host=x86_64-linux-gnu --target=x86_64-linux-gnu
Thread model: posix
gcc version 4.8.4 (Ubuntu 4.8.4-2ubuntu1~14.04.3) 
configure:1980: $? = 0
configure:1982: gcc -V </dev/null >&5
gcc: error: unrecognized command line option '-V'
gcc: fatal error: no input files
compilation terminated.
configure:1985: $? = 4
configure:2008: checking for C compiler default output file name
configure:2011: gcc    conftest.c  >&5
configure:2014: $? = 0
configure:2060: result: a.out
configure:2065: checking whether the C compiler works
configure:2071: ./a.out
configure:2074: $? = 0
configure:2091: result: yes
configure:2098: checking whether we are cross compiling
configure:2100: result: no
configure:2103: checking for suffix of executables
configure:2105: gcc -o conftest    conftest.c  >&5
configure:2108: $? = 0
configure:2133: result: 
configure:2139: checking for suffix of object files
configure:2160: gcc -c   conftest.c >&5
configure:2163: $? = 0
configure:2185: result: o
configure:2189: checking whether we are using the GNU C compiler
configure:2213: gcc -c   conftest.c >&5
configure:2219: $? = 0
configure:2222: test -z 			 || test ! -s conftest.err
configure:2225: $? = 0
configure:2228: test -s conftest.o
configure:2231: $? = 0
configure:2244: result: yes
configure:2250: checking whether gcc accepts -g
configure:2271: gcc -c -g  conftest.c >&5
configure:2277: $? = 0
configure:2280: test -z 			 || test ! -s conftest.err
configure:2283: $? = 0
configure:2286: test -s conftest.o
configure:2289: $? = 0
configure:2300: result: yes
configure:2317: checking for gcc option to accept ANSI C
configure:2387: gcc  -c -g -O2  conftest.c >&5
configure:2393: $? = 0
configure:2396: test -z 			 || test ! -s conftest.err
configure:2399: $? = 0
configure:2402: test -s conftest.o
configure:2405: $? = 0
configure:2423: result: none needed
configure:2441: gcc -c -g -O2  conftest.c >&5
conftest.c:2:3: error: unknown type name 'choke'
   choke me
   ^
conftest.c:2:3: error: expected '=', ',', ';', 'asm' or '__attribute__' at end of input
configure:2447: $? = 1
configure: failed program was:
| #ifndef __cplusplus
|   choke me
| #endif
configure:2577: checking for a sed that does not truncate output
configure:2631: result: /bin/sed
configure:2634: checking for egrep
configure:2644: result: grep -E
configure:2660: checking for ld used by gcc
configure:2727: result: /usr/bin/ld
configure:2736: checking if the linker (/usr/bin/ld) is GNU ld
configure:2751: result: yes
configure:2756: checking for /usr/bin/ld option to reload object files
configure:2763: result: -r
configure:2772: checking for BSD-compatible nm
configure:2814: result: /usr/bin/nm -B
configure:2818: checking whether ln -s works
configure:2822: result: yes
configure:2829: checking how to recognise dependent libraries
configure:3003: result: pass_all
configure:3088: gcc -c -g -O2  conftest.c >&5
configure:3091: $? = 0
configure:3216: checking how to run the C preprocessor
configure:3251: gcc -E  conftest.c
configure:3257: $? = 0
configure:3289: gcc -E  conftest.c
conftest.c:9:28: fatal error: ac_nonexistent.h: No such file or directory
 #include <ac_nonexistent.h>
                            ^
compilation terminated.
configure:3295: $? = 1
configure: failed program was:
| /* confdefs.h.  */
| 
| #define PACKAGE_NAME ""
| #define PACKAGE_TARNAME ""
| #define PACKAGE_VERSION ""
| #define PACKAGE_STRING ""
| #define PACKAGE_BUGREPORT ""
| /* end confdefs.h.  */
| #include <ac_nonexistent.h>
configure:3334: result: gcc -E
configure:3358: gcc -E  conftest.c
configure:3364: $? = 0
configure:3396: gcc -E  conftest.c
conftest.c:9:28: fatal error: ac_nonexistent.h: No such file or directory
 #include <ac_nonexistent.h>
                            ^
compilation terminated.
configure:3402: $? = 1
configure: failed program was:
| /* confdefs.h.  */
| 
| #define PACKAGE_NAME ""
| #define PACKAGE_TARNAME ""
| #define PACKAGE_VERSION ""
| #define PACKAGE_STRING ""
| #define PACKAGE_BUGREPORT ""
| /* end confdefs.h.  */
| #include <ac_nonexistent.h>
configure:3446: checking for ANSI C header files
configure:3471: gcc -c -g -O2  conftest.c >&5
configure:3477: $? = 0
configure:3480: test -z 			 || test ! -s conftest.err
configure:3483: $? = 0
configure:3486: test -s conftest.o
configure:3489: $? = 0
configure:3578: gcc -o conftest -g -O2   conftest.c  >&5
conftest.c: In function 'main':
conftest.c:26:7: warning: incompatible implicit declaration of built-in function 'exit' [enabled by default]
       exit(2);
       ^
configure:3581: $? = 0
configure:3583: ./conftest
configure:3586: $? = 0
configure:3601: result: yes
configure:3625: checking for sys/types.h
configure:3641: gcc -c -g -O2  conftest.c >&5
configure:3647: $? = 0
configure:3650: test -z 			 || test ! -s conftest.err
configure:3653: $? = 0
configure:3656: test -s conftest.o
configure:3659: $? = 0
configure:3670: result: yes
configure:3625: checking for sys/stat.h
configure:3641: gcc -c -g -O2  conftest.c >&5
configure:3647: $? = 0
configure:3650: test -z 			 || test ! -s conftest.err
configure:3653: $? = 0
configure:3656: test -s conftest.o
configure:3659: $? = 0
configure:3670: result: yes
configure:3625: checking for stdlib.h
configure:3641: gcc -c -g -O2  conftest.c >&5
configure:3647: $? = 0
configure:3650: test -z 			 || test ! -s conftest.err
configure:3653: $? = 0
configure:3656: test -s conftest.o
configure:3659: $? = 0
configure:3670: result: yes
configure:3625: checking for string.h
configure:3641: gcc -c -g -O2  conftest.c >&5
configure:3647: $? = 0
configure:3650: test -z 			 || test ! -s conftest.err
configure:3653: $? = 0
configure:3656: test -s conftest.o
configure:3659: $? = 0
configure:3670: result: yes
configure:3625: checking for memory.h
configure:3641: gcc -c -g -O2  conftest.c >&5
configure:3647: $? = 0
configure:3650: test -z 			 || test ! -s conftest.err
configure:3653: $? = 0
configure:3656: test -s conftest.o
configure:3659: $? = 0
configure:3670: result: yes
configure:3625: checking for strings.h
configure:3641: gcc -c -g -O2  conftest.c >&5
configure:3647: $? = 0
configure:3650: test -z 			 || test ! -s conftest.err
configure:3653: $? = 0
configure:3656: test -s conftest.o
configure:3659: $? = 0
configure:3670: result: yes
configure:3625: checking for inttypes.h
configure:3641: gcc -c -g -O2  conftest.c >&5
configure:3647: $? = 0
configure:3650: test -z 			 || test ! -s conftest.err
configure:3653: $? = 0
configure:3656: test -s conftest.o
configure:3659: $? = 0
configure:3670: result: yes
configure:3625: checking for stdint.h
configure:3641: gcc -c -g -O2  conftest.c >&5
configure:3647: $? = 0
configure:3650: test -z 			 || test ! -s conftest.err
configure:3653: $? = 0
configure:3656: test -s conftest.o
configure:3659: $? = 0
configure:3670: result: yes
configure:3625: checking for unistd.h
configure:3641: gcc -c -g -O2  conftest.c >&5
configure:3647: $? = 0
configure:3650: test -z 			 || test ! -s conftest.err
configure:3653: $? = 0
configure:3656: test -s conftest.o
configure:3659: $? = 0
configure:3670: result: yes
configure:3696: checking dlfcn.h usability
configure:3708: gcc -c -g -O2  conftest.c >&5
configure:3714: $? = 0
configure:3717: test -z 			 || test ! -s conftest.err
configure:3720: $? = 0
configure:3723: test -s conftest.o
configure:3726: $? = 0
configure:3736: result: yes
configure:3740: checking dlfcn.h presence
configure:3750: gcc -E  conftest.c
configure:3756: $? = 0
configure:3776: result: yes
configure:3811: checking for dlfcn.h
configure:3818: result: yes
configure:3883: checking for g++
configure:3899: found /usr/bin/g++
configure:3909: result: g++
configure:3925: checking for C++ compiler version
configure:3928: g++ --version </dev/null >&5
g++ (Ubuntu 4.8.4-2ubuntu1~14.04.3) 4.8.4
Copyright (C) 2013 Free Software Foundation, Inc.
This is free software; see the source for copying conditions.  There is NO
warranty; not even for MERCHANTABILITY or FITNESS FOR A PARTICULAR PURPOSE.

configure:3931: $? = 0
configure:3933: g++ -v </dev/null >&5
Using built-in specs.
COLLECT_GCC=g++
COLLECT_LTO_WRAPPER=/usr/lib/gcc/x86_64-linux-gnu/4.8/lto-wrapper
Target: x86_64-linux-gnu
Configured with: ../src/configure -v --with-pkgversion='Ubuntu 4.8.4-2ubuntu1~14.04.3' --with-bugurl=file:///usr/share/doc/gcc-4.8/README.Bugs --enable-languages=c,c++,java,go,d,fortran,objc,obj-c++ --prefix=/usr --program-suffix=-4.8 --enable-shared --enable-linker-build-id --libexecdir=/usr/lib --without-included-gettext --enable-threads=posix --with-gxx-include-dir=/usr/include/c++/4.8 --libdir=/usr/lib --enable-nls --with-sysroot=/ --enable-clocale=gnu --enable-libstdcxx-debug --enable-libstdcxx-time=yes --enable-gnu-unique-object --disable-libmudflap --enable-plugin --with-system-zlib --disable-browser-plugin --enable-java-awt=gtk --enable-gtk-cairo --with-java-home=/usr/lib/jvm/java-1.5.0-gcj-4.8-amd64/jre --enable-java-home --with-jvm-root-dir=/usr/lib/jvm/java-1.5.0-gcj-4.8-amd64 --with-jvm-jar-dir=/usr/lib/jvm-exports/java-1.5.0-gcj-4.8-amd64 --with-arch-directory=amd64 --with-ecj-jar=/usr/share/java/eclipse-ecj.jar --enable-objc-gc --enable-multiarch --disable-werror --with-arch-32=i686 --with-abi=m64 --with-multilib-list=m32,m64,mx32 --with-tune=generic --enable-checking=release --build=x86_64-linux-gnu --host=x86_64-linux-gnu --target=x86_64-linux-gnu
Thread model: posix
gcc version 4.8.4 (Ubuntu 4.8.4-2ubuntu1~14.04.3) 
configure:3936: $? = 0
configure:3938: g++ -V </dev/null >&5
g++: error: unrecognized command line option '-V'
g++: fatal error: no input files
compilation terminated.
configure:3941: $? = 4
configure:3944: checking whether we are using the GNU C++ compiler
configure:3968: g++ -c   conftest.cc >&5
configure:3974: $? = 0
configure:3977: test -z 			 || test ! -s conftest.err
configure:3980: $? = 0
configure:3983: test -s conftest.o
configure:3986: $? = 0
configure:3999: result: yes
configure:4005: checking whether g++ accepts -g
configure:4026: g++ -c -g  conftest.cc >&5
configure:4032: $? = 0
configure:4035: test -z 			 || test ! -s conftest.err
configure:4038: $? = 0
configure:4041: test -s conftest.o
configure:4044: $? = 0
configure:4055: result: yes
configure:4097: g++ -c -g -O2  conftest.cc >&5
configure:4103: $? = 0
configure:4106: test -z 			 || test ! -s conftest.err
configure:4109: $? = 0
configure:4112: test -s conftest.o
configure:4115: $? = 0
configure:4141: g++ -c -g -O2  conftest.cc >&5
conftest.cc: In function 'int main()':
conftest.cc:24:9: error: 'exit' was not declared in this scope
 exit (42);
         ^
configure:4147: $? = 1
configure: failed program was:
| /* confdefs.h.  */
| 
| #define PACKAGE_NAME ""
| #define PACKAGE_TARNAME ""
| #define PACKAGE_VERSION ""
| #define PACKAGE_STRING ""
| #define PACKAGE_BUGREPORT ""
| #define STDC_HEADERS 1
| #define HAVE_SYS_TYPES_H 1
| #define HAVE_SYS_STAT_H 1
| #define HAVE_STDLIB_H 1
| #define HAVE_STRING_H 1
| #define HAVE_MEMORY_H 1
| #define HAVE_STRINGS_H 1
| #define HAVE_INTTYPES_H 1
| #define HAVE_STDINT_H 1
| #define HAVE_UNISTD_H 1
| #define HAVE_DLFCN_H 1
| /* end confdefs.h.  */
| 
| int
| main ()
| {
| exit (42);
|   ;
|   return 0;
| }
configure:4097: g++ -c -g -O2  conftest.cc >&5
conftest.cc:20:40: error: 'void std::exit(int)' should have been declared inside 'std'
 extern "C" void std::exit (int) throw (); using std::exit;
                                        ^
configure:4103: $? = 1
configure: failed program was:
| /* confdefs.h.  */
| 
| #define PACKAGE_NAME ""
| #define PACKAGE_TARNAME ""
| #define PACKAGE_VERSION ""
| #define PACKAGE_STRING ""
| #define PACKAGE_BUGREPORT ""
| #define STDC_HEADERS 1
| #define HAVE_SYS_TYPES_H 1
| #define HAVE_SYS_STAT_H 1
| #define HAVE_STDLIB_H 1
| #define HAVE_STRING_H 1
| #define HAVE_MEMORY_H 1
| #define HAVE_STRINGS_H 1
| #define HAVE_INTTYPES_H 1
| #define HAVE_STDINT_H 1
| #define HAVE_UNISTD_H 1
| #define HAVE_DLFCN_H 1
| /* end confdefs.h.  */
| extern "C" void std::exit (int) throw (); using std::exit;
| #include <stdlib.h>
| int
| main ()
| {
| exit (42);
|   ;
|   return 0;
| }
configure:4097: g++ -c -g -O2  conftest.cc >&5
conftest.cc:20:31: error: 'void std::exit(int)' should have been declared inside 'std'
 extern "C" void std::exit (int); using std::exit;
                               ^
In file included from conftest.cc:21:0:
/usr/include/stdlib.h:543:70: error: declaration of 'void std::exit(int) throw ()' has a different exception specifier
 extern void exit (int __status) __THROW __attribute__ ((__noreturn__));
                                                                      ^
conftest.cc:20:17: error: from previous declaration 'void std::exit(int)'
 extern "C" void std::exit (int); using std::exit;
                 ^
configure:4103: $? = 1
configure: failed program was:
| /* confdefs.h.  */
| 
| #define PACKAGE_NAME ""
| #define PACKAGE_TARNAME ""
| #define PACKAGE_VERSION ""
| #define PACKAGE_STRING ""
| #define PACKAGE_BUGREPORT ""
| #define STDC_HEADERS 1
| #define HAVE_SYS_TYPES_H 1
| #define HAVE_SYS_STAT_H 1
| #define HAVE_STDLIB_H 1
| #define HAVE_STRING_H 1
| #define HAVE_MEMORY_H 1
| #define HAVE_STRINGS_H 1
| #define HAVE_INTTYPES_H 1
| #define HAVE_STDINT_H 1
| #define HAVE_UNISTD_H 1
| #define HAVE_DLFCN_H 1
| /* end confdefs.h.  */
| extern "C" void std::exit (int); using std::exit;
| #include <stdlib.h>
| int
| main ()
| {
| exit (42);
|   ;
|   return 0;
| }
configure:4097: g++ -c -g -O2  conftest.cc >&5
configure:4103: $? = 0
configure:4106: test -z 			 || test ! -s conftest.err
configure:4109: $? = 0
configure:4112: test -s conftest.o
configure:4115: $? = 0
configure:4141: g++ -c -g -O2  conftest.cc >&5
configure:4147: $? = 0
configure:4150: test -z 			 || test ! -s conftest.err
configure:4153: $? = 0
configure:4156: test -s conftest.o
configure:4159: $? = 0
configure:4187: checking how to run the C++ preprocessor
configure:4218: g++ -E  conftest.cc
configure:4224: $? = 0
configure:4256: g++ -E  conftest.cc
conftest.cc:23:28: fatal error: ac_nonexistent.h: No such file or directory
 #include <ac_nonexistent.h>
                            ^
compilation terminated.
configure:4262: $? = 1
configure: failed program was:
| /* confdefs.h.  */
| 
| #define PACKAGE_NAME ""
| #define PACKAGE_TARNAME ""
| #define PACKAGE_VERSION ""
| #define PACKAGE_STRING ""
| #define PACKAGE_BUGREPORT ""
| #define STDC_HEADERS 1
| #define HAVE_SYS_TYPES_H 1
| #define HAVE_SYS_STAT_H 1
| #define HAVE_STDLIB_H 1
| #define HAVE_STRING_H 1
| #define HAVE_MEMORY_H 1
| #define HAVE_STRINGS_H 1
| #define HAVE_INTTYPES_H 1
| #define HAVE_STDINT_H 1
| #define HAVE_UNISTD_H 1
| #define HAVE_DLFCN_H 1
| #ifdef __cplusplus
| extern "C" void exit (int) throw ();
| #endif
| /* end confdefs.h.  */
| #include <ac_nonexistent.h>
configure:4301: result: g++ -E
configure:4325: g++ -E  conftest.cc
configure:4331: $? = 0
configure:4363: g++ -E  conftest.cc
conftest.cc:23:28: fatal error: ac_nonexistent.h: No such file or directory
 #include <ac_nonexistent.h>
                            ^
compilation terminated.
configure:4369: $? = 1
configure: failed program was:
| /* confdefs.h.  */
| 
| #define PACKAGE_NAME ""
| #define PACKAGE_TARNAME ""
| #define PACKAGE_VERSION ""
| #define PACKAGE_STRING ""
| #define PACKAGE_BUGREPORT ""
| #define STDC_HEADERS 1
| #define HAVE_SYS_TYPES_H 1
| #define HAVE_SYS_STAT_H 1
| #define HAVE_STDLIB_H 1
| #define HAVE_STRING_H 1
| #define HAVE_MEMORY_H 1
| #define HAVE_STRINGS_H 1
| #define HAVE_INTTYPES_H 1
| #define HAVE_STDINT_H 1
| #define HAVE_UNISTD_H 1
| #define HAVE_DLFCN_H 1
| #ifdef __cplusplus
| extern "C" void exit (int) throw ();
| #endif
| /* end confdefs.h.  */
| #include <ac_nonexistent.h>
configure:4464: checking for g77
configure:4493: result: no
configure:4464: checking for f77
configure:4493: result: no
configure:4464: checking for xlf
configure:4493: result: no
configure:4464: checking for frt
configure:4493: result: no
configure:4464: checking for pgf77
configure:4493: result: no
configure:4464: checking for fort77
configure:4493: result: no
configure:4464: checking for fl32
configure:4493: result: no
configure:4464: checking for af77
configure:4493: result: no
configure:4464: checking for f90
configure:4493: result: no
configure:4464: checking for xlf90
configure:4493: result: no
configure:4464: checking for pgf90
configure:4493: result: no
configure:4464: checking for epcf90
configure:4493: result: no
configure:4464: checking for f95
configure:4493: result: no
configure:4464: checking for fort
configure:4493: result: no
configure:4464: checking for xlf95
configure:4493: result: no
configure:4464: checking for ifc
configure:4493: result: no
configure:4464: checking for efc
configure:4493: result: no
configure:4464: checking for pgf95
configure:4493: result: no
configure:4464: checking for lf95
configure:4493: result: no
configure:4464: checking for gfortran
configure:4493: result: no
configure:4505: checking for Fortran 77 compiler version
configure:4508:  --version </dev/null >&5
../sqlite-2.8.17/configure: line 4509: --version: command not found
configure:4511: $? = 127
configure:4513:  -v </dev/null >&5
../sqlite-2.8.17/configure: line 4514: -v: command not found
configure:4516: $? = 127
configure:4518:  -V </dev/null >&5
../sqlite-2.8.17/configure: line 4519: -V: command not found
configure:4521: $? = 127
configure:4529: checking whether we are using the GNU Fortran 77 compiler
configure:4543:  -c  conftest.F >&5
../sqlite-2.8.17/configure: line 4544: -c: command not found
configure:4549: $? = 127
configure: failed program was:
|       program main
| #ifndef __GNUC__
|        choke me
| #endif
| 
|       end
configure:4574: result: no
configure:4580: checking whether  accepts -g
configure:4592:  -c -g conftest.f >&5
../sqlite-2.8.17/configure: line 4593: -c: command not found
configure:4598: $? = 127
configure: failed program was:
|       program main
| 
|       end
configure:4622: result: no
configure:4652: checking the maximum length of command line arguments
configure:4717: result: 32768
configure:4728: checking command to parse /usr/bin/nm -B output from gcc object
configure:4817: gcc -c -g -O2  conftest.c >&5
configure:4820: $? = 0
configure:4824: /usr/bin/nm -B conftest.o \| sed -n -e 's/^.*[ 	]\([ABCDGIRSTW][ABCDGIRSTW]*\)[ 	][ 	]*\(\)\([_A-Za-z][_A-Za-z0-9]*\)$/\1 \2\3 \3/p' \> conftest.nm
configure:4827: $? = 0
configure:4879: gcc -o conftest -g -O2   conftest.c conftstm.o >&5
configure:4882: $? = 0
configure:4920: result: ok
configure:4924: checking for objdir
configure:4939: result: .libs
configure:5029: checking for ar
configure:5045: found /usr/bin/ar
configure:5056: result: ar
configure:5109: checking for ranlib
configure:5125: found /usr/bin/ranlib
configure:5136: result: ranlib
configure:5189: checking for strip
configure:5205: found /usr/bin/strip
configure:5216: result: strip
configure:5478: checking if gcc static flag  works
configure:5501: result: yes
configure:5519: checking if gcc supports -fno-rtti -fno-exceptions
configure:5537: gcc -c -g -O2  -fno-rtti -fno-exceptions conftest.c >&5
cc1: warning: command line option '-fno-rtti' is valid for C++/ObjC++ but not for C [enabled by default]
configure:5541: $? = 0
configure:5552: result: no
configure:5567: checking for gcc option to produce PIC
configure:5744: result: -fPIC
configure:5752: checking if gcc PIC flag -fPIC works
configure:5770: gcc -c -g -O2  -fPIC -DPIC conftest.c >&5
configure:5774: $? = 0
configure:5785: result: yes
configure:5809: checking if gcc supports -c -o file.o
configure:5830: gcc -c -g -O2  -o out/conftest2.o conftest.c >&5
configure:5834: $? = 0
configure:5854: result: yes
configure:5880: checking whether the gcc linker (/usr/bin/ld -m elf_x86_64) supports shared libraries
configure:6726: result: yes
configure:6752: checking whether -lc should be explicitly linked in
configure:6757: gcc -c -g -O2  conftest.c >&5
configure:6760: $? = 0
configure:6774: gcc -shared conftest.o  -v -Wl,-soname -Wl,conftest -o conftest 2\>\&1 \| grep  -lc  \>/dev/null 2\>\&1
configure:6777: $? = 0
configure:6789: result: no
configure:6797: checking dynamic linker characteristics
configure:7337: result: GNU/Linux ld.so
configure:7341: checking how to hardcode library paths into programs
configure:7366: result: immediate
configure:7380: checking whether stripping libraries is possible
configure:7385: result: yes
configure:8208: checking if libtool supports shared libraries
configure:8210: result: yes
configure:8213: checking whether to build shared libraries
configure:8271: result: yes
configure:8274: checking whether to build static libraries
configure:8278: result: yes
configure:8370: creating libtool
configure:8917: checking for ld used by g++
configure:8984: result: /usr/bin/ld -m elf_x86_64
configure:8993: checking if the linker (/usr/bin/ld -m elf_x86_64) is GNU ld
configure:9008: result: yes
configure:9059: checking whether the g++ linker (/usr/bin/ld -m elf_x86_64) supports shared libraries
configure:9885: result: yes
configure:9903: g++ -c -g -O2  conftest.cc >&5
configure:9906: $? = 0
configure:10002: checking for g++ option to produce PIC
configure:10254: result: -fPIC
configure:10262: checking if g++ PIC flag -fPIC works
configure:10280: g++ -c -g -O2  -fPIC -DPIC conftest.cc >&5
configure:10284: $? = 0
configure:10295: result: yes
configure:10319: checking if g++ supports -c -o file.o
configure:10340: g++ -c -g -O2  -o out/conftest2.o conftest.cc >&5
configure:10344: $? = 0
configure:10364: result: yes
configure:10390: checking whether the g++ linker (/usr/bin/ld -m elf_x86_64) supports shared libraries
configure:10415: result: yes
configure:10486: checking dynamic linker characteristics
configure:11026: result: GNU/Linux ld.so
configure:11030: checking how to hardcode library paths into programs
configure:11055: result: immediate
configure:11069: checking whether stripping libraries is possible
configure:11074: result: yes
configure:18304: checking for a BSD-compatible install
configure:18359: result: /usr/bin/install -c
configure:18476: checking for gcc
configure:18502: result: gcc
configure:18746: checking for C compiler version
configure:18749: gcc --version </dev/null >&5
gcc (Ubuntu 4.8.4-2ubuntu1~14.04.3) 4.8.4
Copyright (C) 2013 Free Software Foundation, Inc.
This is free software; see the source for copying conditions.  There is NO
warranty; not even for MERCHANTABILITY or FITNESS FOR A PARTICULAR PURPOSE.

configure:18752: $? = 0
configure:18754: gcc -v </dev/null >&5
Using built-in specs.
COLLECT_GCC=gcc
COLLECT_LTO_WRAPPER=/usr/lib/gcc/x86_64-linux-gnu/4.8/lto-wrapper
Target: x86_64-linux-gnu
Configured with: ../src/configure -v --with-pkgversion='Ubuntu 4.8.4-2ubuntu1~14.04.3' --with-bugurl=file:///usr/share/doc/gcc-4.8/README.Bugs --enable-languages=c,c++,java,go,d,fortran,objc,obj-c++ --prefix=/usr --program-suffix=-4.8 --enable-shared --enable-linker-build-id --libexecdir=/usr/lib --without-included-gettext --enable-threads=posix --with-gxx-include-dir=/usr/include/c++/4.8 --libdir=/usr/lib --enable-nls --with-sysroot=/ --enable-clocale=gnu --enable-libstdcxx-debug --enable-libstdcxx-time=yes --enable-gnu-unique-object --disable-libmudflap --enable-plugin --with-system-zlib --disable-browser-plugin --enable-java-awt=gtk --enable-gtk-cairo --with-java-home=/usr/lib/jvm/java-1.5.0-gcj-4.8-amd64/jre --enable-java-home --with-jvm-root-dir=/usr/lib/jvm/java-1.5.0-gcj-4.8-amd64 --with-jvm-jar-dir=/usr/lib/jvm-exports/java-1.5.0-gcj-4.8-amd64 --with-arch-directory=amd64 --with-ecj-jar=/usr/share/java/eclipse-ecj.jar --enable-objc-gc --enable-multiarch --disable-werror --with-arch-32=i686 --with-abi=m64 --with-multilib-list=m32,m64,mx32 --with-tune=generic --enable-checking=release --build=x86_64-linux-gnu --host=x86_64-linux-gnu --target=x86_64-linux-gnu
Thread model: posix
gcc version 4.8.4 (Ubuntu 4.8.4-2ubuntu1~14.04.3) 
configure:18757: $? = 0
configure:18759: gcc -V </dev/null >&5
gcc: error: unrecognized command line option '-V'
gcc: fatal error: no input files
compilation terminated.
configure:18762: $? = 4
configure:18765: checking whether we are using the GNU C compiler
configure:18820: result: yes
configure:18826: checking whether gcc accepts -g
configure:18876: result: yes
configure:18893: checking for gcc option to accept ANSI C
configure:18999: result: none needed
configure:19017: gcc -c -g -O2  conftest.c >&5
conftest.c:2:3: error: unknown type name 'choke'
   choke me
   ^
conftest.c:2:3: error: expected '=', ',', ';', 'asm' or '__attribute__' at end of input
configure:19023: $? = 1
configure: failed program was:
| #ifndef __cplusplus
|   choke me
| #endif
configure:19168: checking switches for the host compiler
configure:19176: result: -g -O2
configure:19189: checking target compiler
configure:19196: result: gcc
configure:19198: checking switches on the target compiler
configure:19205: result: -g -O2
configure:19207: checking target linker
configure:19214: result: gcc
configure:19216: checking switches on the target compiler
configure:19267: checking for ranlib
configure:19294: result: ranlib
configure:19313: result: -g -O2
configure:19325: checking if host and target compilers are the same
configure:19329: result: yes
configure:19347: checking character encoding
configure:19351: result: iso8859
configure:19370: checking whether to support incore databases for attach and open
configure:19378: result: yes
configure:19393: checking whether to support shared library linked as release mode or not
configure:19397: result: no
configure:19416: checking whether to use an in-ram database for temporary tables
configure:19427: result: no
configure:19452: checking if executables have the .exe suffix
configure:19459: result: unknown
configure:19516: checking for sin
configure:19573: gcc -o conftest -g -O2   conftest.c  >&5
conftest.c:47:6: warning: conflicting types for built-in function 'sin' [enabled by default]
 char sin ();
      ^
/tmp/ccjVrkUU.o:(.data+0x0): undefined reference to `sin'
/tmp/ccjVrkUU.o: In function `main':
/home/jonghyeok/SaS/sqlite-more-lite/bld/conftest.c:63: undefined reference to `sin'
collect2: error: ld returned 1 exit status
configure:19579: $? = 1
configure: failed program was:
| /* confdefs.h.  */
| 
| #define PACKAGE_NAME ""
| #define PACKAGE_TARNAME ""
| #define PACKAGE_VERSION ""
| #define PACKAGE_STRING ""
| #define PACKAGE_BUGREPORT ""
| #define STDC_HEADERS 1
| #define HAVE_SYS_TYPES_H 1
| #define HAVE_SYS_STAT_H 1
| #define HAVE_STDLIB_H 1
| #define HAVE_STRING_H 1
| #define HAVE_MEMORY_H 1
| #define HAVE_STRINGS_H 1
| #define HAVE_INTTYPES_H 1
| #define HAVE_STDINT_H 1
| #define HAVE_UNISTD_H 1
| #define HAVE_DLFCN_H 1
| #ifdef __cplusplus
| extern "C" void exit (int) throw ();
| #endif
| /* end confdefs.h.  */
| /* Define sin to an innocuous variant, in case <limits.h> declares sin.
|    For example, HP-UX 11i <limits.h> declares gettimeofday.  */
| #define sin innocuous_sin
| 
| /* System header to define __stub macros and hopefully few prototypes,
|     which can conflict with char sin (); below.
|     Prefer <limits.h> to <assert.h> if __STDC__ is defined, since
|     <limits.h> exists even on freestanding compilers.  */
| 
| #ifdef __STDC__
| # include <limits.h>
| #else
| # include <assert.h>
| #endif
| 
| #undef sin
| 
| /* Override any gcc2 internal prototype to avoid an error.  */
| #ifdef __cplusplus
| extern "C"
| {
| #endif
| /* We use char because int might match the return type of a gcc2
|    builtin and then its argument prototype would still apply.  */
| char sin ();
| /* The GNU C library defines this for functions which it implements
|     to always fail with ENOSYS.  Some functions are actually named
|     something starting with __ and the normal name is an alias.  */
| #if defined (__stub_sin) || defined (__stub___sin)
| choke me
| #else
| char (*f) () = sin;
| #endif
| #ifdef __cplusplus
| }
| #endif
| 
| int
| main ()
| {
| return f != sin;
|   ;
|   return 0;
| }
configure:19603: result: no
configure:19612: checking for dlopen in -ldl
configure:19642: gcc -o conftest -g -O2   conftest.c -ldl  -lm >&5
configure:19648: $? = 0
configure:19651: test -z 			 || test ! -s conftest.err
configure:19654: $? = 0
configure:19657: test -s conftest
configure:19660: $? = 0
configure:19673: result: yes
configure:19689: checking for library containing Tcl_Init
configure:19719: gcc -o conftest -g -O2   conftest.c  >&5
/tmp/ccPtYBGZ.o: In function `main':
/home/jonghyeok/SaS/sqlite-more-lite/bld/conftest.c:35: undefined reference to `Tcl_Init'
collect2: error: ld returned 1 exit status
configure:19725: $? = 1
configure: failed program was:
| /* confdefs.h.  */
| 
| #define PACKAGE_NAME ""
| #define PACKAGE_TARNAME ""
| #define PACKAGE_VERSION ""
| #define PACKAGE_STRING ""
| #define PACKAGE_BUGREPORT ""
| #define STDC_HEADERS 1
| #define HAVE_SYS_TYPES_H 1
| #define HAVE_SYS_STAT_H 1
| #define HAVE_STDLIB_H 1
| #define HAVE_STRING_H 1
| #define HAVE_MEMORY_H 1
| #define HAVE_STRINGS_H 1
| #define HAVE_INTTYPES_H 1
| #define HAVE_STDINT_H 1
| #define HAVE_UNISTD_H 1
| #define HAVE_DLFCN_H 1
| #ifdef __cplusplus
| extern "C" void exit (int) throw ();
| #endif
| #define HAVE_LIBDL 1
| /* end confdefs.h.  */
| 
| /* Override any gcc2 internal prototype to avoid an error.  */
| #ifdef __cplusplus
| extern "C"
| #endif
| /* We use char because int might match the return type of a gcc2
|    builtin and then its argument prototype would still apply.  */
| char Tcl_Init ();
| int
| main ()
| {
| Tcl_Init ();
|   ;
|   return 0;
| }
configure:19773: gcc -o conftest -g -O2   conftest.c -ltcl8.4 -ldl -lm  >&5
/usr/bin/ld: cannot find -ltcl8.4
collect2: error: ld returned 1 exit status
configure:19779: $? = 1
configure: failed program was:
| /* confdefs.h.  */
| 
| #define PACKAGE_NAME ""
| #define PACKAGE_TARNAME ""
| #define PACKAGE_VERSION ""
| #define PACKAGE_STRING ""
| #define PACKAGE_BUGREPORT ""
| #define STDC_HEADERS 1
| #define HAVE_SYS_TYPES_H 1
| #define HAVE_SYS_STAT_H 1
| #define HAVE_STDLIB_H 1
| #define HAVE_STRING_H 1
| #define HAVE_MEMORY_H 1
| #define HAVE_STRINGS_H 1
| #define HAVE_INTTYPES_H 1
| #define HAVE_STDINT_H 1
| #define HAVE_UNISTD_H 1
| #define HAVE_DLFCN_H 1
| #ifdef __cplusplus
| extern "C" void exit (int) throw ();
| #endif
| #define HAVE_LIBDL 1
| /* end confdefs.h.  */
| 
| /* Override any gcc2 internal prototype to avoid an error.  */
| #ifdef __cplusplus
| extern "C"
| #endif
| /* We use char because int might match the return type of a gcc2
|    builtin and then its argument prototype would still apply.  */
| char Tcl_Init ();
| int
| main ()
| {
| Tcl_Init ();
|   ;
|   return 0;
| }
configure:19773: gcc -o conftest -g -O2   conftest.c -ltcl8.3 -ldl -lm  >&5
/usr/bin/ld: cannot find -ltcl8.3
collect2: error: ld returned 1 exit status
configure:19779: $? = 1
configure: failed program was:
| /* confdefs.h.  */
| 
| #define PACKAGE_NAME ""
| #define PACKAGE_TARNAME ""
| #define PACKAGE_VERSION ""
| #define PACKAGE_STRING ""
| #define PACKAGE_BUGREPORT ""
| #define STDC_HEADERS 1
| #define HAVE_SYS_TYPES_H 1
| #define HAVE_SYS_STAT_H 1
| #define HAVE_STDLIB_H 1
| #define HAVE_STRING_H 1
| #define HAVE_MEMORY_H 1
| #define HAVE_STRINGS_H 1
| #define HAVE_INTTYPES_H 1
| #define HAVE_STDINT_H 1
| #define HAVE_UNISTD_H 1
| #define HAVE_DLFCN_H 1
| #ifdef __cplusplus
| extern "C" void exit (int) throw ();
| #endif
| #define HAVE_LIBDL 1
| /* end confdefs.h.  */
| 
| /* Override any gcc2 internal prototype to avoid an error.  */
| #ifdef __cplusplus
| extern "C"
| #endif
| /* We use char because int might match the return type of a gcc2
|    builtin and then its argument prototype would still apply.  */
| char Tcl_Init ();
| int
| main ()
| {
| Tcl_Init ();
|   ;
|   return 0;
| }
configure:19773: gcc -o conftest -g -O2   conftest.c -ltcl84 -ldl -lm  >&5
/usr/bin/ld: cannot find -ltcl84
collect2: error: ld returned 1 exit status
configure:19779: $? = 1
configure: failed program was:
| /* confdefs.h.  */
| 
| #define PACKAGE_NAME ""
| #define PACKAGE_TARNAME ""
| #define PACKAGE_VERSION ""
| #define PACKAGE_STRING ""
| #define PACKAGE_BUGREPORT ""
| #define STDC_HEADERS 1
| #define HAVE_SYS_TYPES_H 1
| #define HAVE_SYS_STAT_H 1
| #define HAVE_STDLIB_H 1
| #define HAVE_STRING_H 1
| #define HAVE_MEMORY_H 1
| #define HAVE_STRINGS_H 1
| #define HAVE_INTTYPES_H 1
| #define HAVE_STDINT_H 1
| #define HAVE_UNISTD_H 1
| #define HAVE_DLFCN_H 1
| #ifdef __cplusplus
| extern "C" void exit (int) throw ();
| #endif
| #define HAVE_LIBDL 1
| /* end confdefs.h.  */
| 
| /* Override any gcc2 internal prototype to avoid an error.  */
| #ifdef __cplusplus
| extern "C"
| #endif
| /* We use char because int might match the return type of a gcc2
|    builtin and then its argument prototype would still apply.  */
| char Tcl_Init ();
| int
| main ()
| {
| Tcl_Init ();
|   ;
|   return 0;
| }
configure:19773: gcc -o conftest -g -O2   conftest.c -ltcl83 -ldl -lm  >&5
/usr/bin/ld: cannot find -ltcl83
collect2: error: ld returned 1 exit status
configure:19779: $? = 1
configure: failed program was:
| /* confdefs.h.  */
| 
| #define PACKAGE_NAME ""
| #define PACKAGE_TARNAME ""
| #define PACKAGE_VERSION ""
| #define PACKAGE_STRING ""
| #define PACKAGE_BUGREPORT ""
| #define STDC_HEADERS 1
| #define HAVE_SYS_TYPES_H 1
| #define HAVE_SYS_STAT_H 1
| #define HAVE_STDLIB_H 1
| #define HAVE_STRING_H 1
| #define HAVE_MEMORY_H 1
| #define HAVE_STRINGS_H 1
| #define HAVE_INTTYPES_H 1
| #define HAVE_STDINT_H 1
| #define HAVE_UNISTD_H 1
| #define HAVE_DLFCN_H 1
| #ifdef __cplusplus
| extern "C" void exit (int) throw ();
| #endif
| #define HAVE_LIBDL 1
| /* end confdefs.h.  */
| 
| /* Override any gcc2 internal prototype to avoid an error.  */
| #ifdef __cplusplus
| extern "C"
| #endif
| /* We use char because int might match the return type of a gcc2
|    builtin and then its argument prototype would still apply.  */
| char Tcl_Init ();
| int
| main ()
| {
| Tcl_Init ();
|   ;
|   return 0;
| }
configure:19773: gcc -o conftest -g -O2   conftest.c -ltcl -ldl -lm  >&5
/usr/bin/ld: cannot find -ltcl
collect2: error: ld returned 1 exit status
configure:19779: $? = 1
configure: failed program was:
| /* confdefs.h.  */
| 
| #define PACKAGE_NAME ""
| #define PACKAGE_TARNAME ""
| #define PACKAGE_VERSION ""
| #define PACKAGE_STRING ""
| #define PACKAGE_BUGREPORT ""
| #define STDC_HEADERS 1
| #define HAVE_SYS_TYPES_H 1
| #define HAVE_SYS_STAT_H 1
| #define HAVE_STDLIB_H 1
| #define HAVE_STRING_H 1
| #define HAVE_MEMORY_H 1
| #define HAVE_STRINGS_H 1
| #define HAVE_INTTYPES_H 1
| #define HAVE_STDINT_H 1
| #define HAVE_UNISTD_H 1
| #define HAVE_DLFCN_H 1
| #ifdef __cplusplus
| extern "C" void exit (int) throw ();
| #endif
| #define HAVE_LIBDL 1
| /* end confdefs.h.  */
| 
| /* Override any gcc2 internal prototype to avoid an error.  */
| #ifdef __cplusplus
| extern "C"
| #endif
| /* We use char because int might match the return type of a gcc2
|    builtin and then its argument prototype would still apply.  */
| char Tcl_Init ();
| int
| main ()
| {
| Tcl_Init ();
|   ;
|   return 0;
| }
configure:19806: result: no
configure:19821: checking TCL header files
configure:19840: result: not specified: still searching...
configure:19852: checking tcl.h usability
configure:19864: gcc -c -g -O2  conftest.c >&5
conftest.c:58:17: fatal error: tcl.h: No such file or directory
 #include <tcl.h>
                 ^
compilation terminated.
configure:19870: $? = 1
configure: failed program was:
| /* confdefs.h.  */
| 
| #define PACKAGE_NAME ""
| #define PACKAGE_TARNAME ""
| #define PACKAGE_VERSION ""
| #define PACKAGE_STRING ""
| #define PACKAGE_BUGREPORT ""
| #define STDC_HEADERS 1
| #define HAVE_SYS_TYPES_H 1
| #define HAVE_SYS_STAT_H 1
| #define HAVE_STDLIB_H 1
| #define HAVE_STRING_H 1
| #define HAVE_MEMORY_H 1
| #define HAVE_STRINGS_H 1
| #define HAVE_INTTYPES_H 1
| #define HAVE_STDINT_H 1
| #define HAVE_UNISTD_H 1
| #define HAVE_DLFCN_H 1
| #ifdef __cplusplus
| extern "C" void exit (int) throw ();
| #endif
| #define HAVE_LIBDL 1
| /* end confdefs.h.  */
| #include <stdio.h>
| #if HAVE_SYS_TYPES_H
| # include <sys/types.h>
| #endif
| #if HAVE_SYS_STAT_H
| # include <sys/stat.h>
| #endif
| #if STDC_HEADERS
| # include <stdlib.h>
| # include <stddef.h>
| #else
| # if HAVE_STDLIB_H
| #  include <stdlib.h>
| # endif
| #endif
| #if HAVE_STRING_H
| # if !STDC_HEADERS && HAVE_MEMORY_H
| #  include <memory.h>
| # endif
| # include <string.h>
| #endif
| #if HAVE_STRINGS_H
| # include <strings.h>
| #endif
| #if HAVE_INTTYPES_H
| # include <inttypes.h>
| #else
| # if HAVE_STDINT_H
| #  include <stdint.h>
| # endif
| #endif
| #if HAVE_UNISTD_H
| # include <unistd.h>
| #endif
| #include <tcl.h>
configure:19892: result: no
configure:19896: checking tcl.h presence
configure:19906: gcc -E  conftest.c
conftest.c:24:17: fatal error: tcl.h: No such file or directory
 #include <tcl.h>
                 ^
compilation terminated.
configure:19912: $? = 1
configure: failed program was:
| /* confdefs.h.  */
| 
| #define PACKAGE_NAME ""
| #define PACKAGE_TARNAME ""
| #define PACKAGE_VERSION ""
| #define PACKAGE_STRING ""
| #define PACKAGE_BUGREPORT ""
| #define STDC_HEADERS 1
| #define HAVE_SYS_TYPES_H 1
| #define HAVE_SYS_STAT_H 1
| #define HAVE_STDLIB_H 1
| #define HAVE_STRING_H 1
| #define HAVE_MEMORY_H 1
| #define HAVE_STRINGS_H 1
| #define HAVE_INTTYPES_H 1
| #define HAVE_STDINT_H 1
| #define HAVE_UNISTD_H 1
| #define HAVE_DLFCN_H 1
| #ifdef __cplusplus
| extern "C" void exit (int) throw ();
| #endif
| #define HAVE_LIBDL 1
| /* end confdefs.h.  */
| #include <tcl.h>
configure:19932: result: no
configure:19967: checking for tcl.h
configure:19974: result: no
configure:19987: checking for /usr/local/include/tcl.h
configure:20002: result: no
configure:19987: checking for /usr/X11/include/tcl.h
configure:20002: result: no
configure:19987: checking for /usr/X11R6/include/tcl.h
configure:20002: result: no
configure:19987: checking for /usr/pkg/include/tcl.h
configure:20002: result: no
configure:19987: checking for /usr/contrib/include/tcl.h
configure:20002: result: no
configure:19987: checking for /usr/include/tcl.h
configure:20002: result: no
configure:20028: checking for library containing tgetent
configure:20058: gcc -o conftest -g -O2   conftest.c  >&5
/tmp/ccytFg6a.o: In function `main':
/home/jonghyeok/SaS/sqlite-more-lite/bld/conftest.c:35: undefined reference to `tgetent'
collect2: error: ld returned 1 exit status
configure:20064: $? = 1
configure: failed program was:
| /* confdefs.h.  */
| 
| #define PACKAGE_NAME ""
| #define PACKAGE_TARNAME ""
| #define PACKAGE_VERSION ""
| #define PACKAGE_STRING ""
| #define PACKAGE_BUGREPORT ""
| #define STDC_HEADERS 1
| #define HAVE_SYS_TYPES_H 1
| #define HAVE_SYS_STAT_H 1
| #define HAVE_STDLIB_H 1
| #define HAVE_STRING_H 1
| #define HAVE_MEMORY_H 1
| #define HAVE_STRINGS_H 1
| #define HAVE_INTTYPES_H 1
| #define HAVE_STDINT_H 1
| #define HAVE_UNISTD_H 1
| #define HAVE_DLFCN_H 1
| #ifdef __cplusplus
| extern "C" void exit (int) throw ();
| #endif
| #define HAVE_LIBDL 1
| /* end confdefs.h.  */
| 
| /* Override any gcc2 internal prototype to avoid an error.  */
| #ifdef __cplusplus
| extern "C"
| #endif
| /* We use char because int might match the return type of a gcc2
|    builtin and then its argument prototype would still apply.  */
| char tgetent ();
| int
| main ()
| {
| tgetent ();
|   ;
|   return 0;
| }
configure:20112: gcc -o conftest -g -O2   conftest.c -lreadline   >&5
/tmp/cccoWC2c.o: In function `main':
/home/jonghyeok/SaS/sqlite-more-lite/bld/conftest.c:35: undefined reference to `tgetent'
collect2: error: ld returned 1 exit status
configure:20118: $? = 1
configure: failed program was:
| /* confdefs.h.  */
| 
| #define PACKAGE_NAME ""
| #define PACKAGE_TARNAME ""
| #define PACKAGE_VERSION ""
| #define PACKAGE_STRING ""
| #define PACKAGE_BUGREPORT ""
| #define STDC_HEADERS 1
| #define HAVE_SYS_TYPES_H 1
| #define HAVE_SYS_STAT_H 1
| #define HAVE_STDLIB_H 1
| #define HAVE_STRING_H 1
| #define HAVE_MEMORY_H 1
| #define HAVE_STRINGS_H 1
| #define HAVE_INTTYPES_H 1
| #define HAVE_STDINT_H 1
| #define HAVE_UNISTD_H 1
| #define HAVE_DLFCN_H 1
| #ifdef __cplusplus
| extern "C" void exit (int) throw ();
| #endif
| #define HAVE_LIBDL 1
| /* end confdefs.h.  */
| 
| /* Override any gcc2 internal prototype to avoid an error.  */
| #ifdef __cplusplus
| extern "C"
| #endif
| /* We use char because int might match the return type of a gcc2
|    builtin and then its argument prototype would still apply.  */
| char tgetent ();
| int
| main ()
| {
| tgetent ();
|   ;
|   return 0;
| }
configure:20112: gcc -o conftest -g -O2   conftest.c -lncurses   >&5
configure:20118: $? = 0
configure:20121: test -z 			 || test ! -s conftest.err
configure:20124: $? = 0
configure:20127: test -s conftest
configure:20130: $? = 0
configure:20145: result: -lncurses
configure:20153: checking for readline in -lreadline
configure:20183: gcc -o conftest -g -O2   conftest.c -lreadline  -lncurses  >&5
configure:20189: $? = 0
configure:20192: test -z 			 || test ! -s conftest.err
configure:20195: $? = 0
configure:20198: test -s conftest
configure:20201: $? = 0
configure:20214: result: yes
configure:20232: checking readline header files
configure:20243: result: not specified: still searching...
configure:20255: checking readline.h usability
configure:20267: gcc -c -g -O2  conftest.c >&5
conftest.c:59:22: fatal error: readline.h: No such file or directory
 #include <readline.h>
                      ^
compilation terminated.
configure:20273: $? = 1
configure: failed program was:
| /* confdefs.h.  */
| 
| #define PACKAGE_NAME ""
| #define PACKAGE_TARNAME ""
| #define PACKAGE_VERSION ""
| #define PACKAGE_STRING ""
| #define PACKAGE_BUGREPORT ""
| #define STDC_HEADERS 1
| #define HAVE_SYS_TYPES_H 1
| #define HAVE_SYS_STAT_H 1
| #define HAVE_STDLIB_H 1
| #define HAVE_STRING_H 1
| #define HAVE_MEMORY_H 1
| #define HAVE_STRINGS_H 1
| #define HAVE_INTTYPES_H 1
| #define HAVE_STDINT_H 1
| #define HAVE_UNISTD_H 1
| #define HAVE_DLFCN_H 1
| #ifdef __cplusplus
| extern "C" void exit (int) throw ();
| #endif
| #define HAVE_LIBDL 1
| #define HAVE_LIBREADLINE 1
| /* end confdefs.h.  */
| #include <stdio.h>
| #if HAVE_SYS_TYPES_H
| # include <sys/types.h>
| #endif
| #if HAVE_SYS_STAT_H
| # include <sys/stat.h>
| #endif
| #if STDC_HEADERS
| # include <stdlib.h>
| # include <stddef.h>
| #else
| # if HAVE_STDLIB_H
| #  include <stdlib.h>
| # endif
| #endif
| #if HAVE_STRING_H
| # if !STDC_HEADERS && HAVE_MEMORY_H
| #  include <memory.h>
| # endif
| # include <string.h>
| #endif
| #if HAVE_STRINGS_H
| # include <strings.h>
| #endif
| #if HAVE_INTTYPES_H
| # include <inttypes.h>
| #else
| # if HAVE_STDINT_H
| #  include <stdint.h>
| # endif
| #endif
| #if HAVE_UNISTD_H
| # include <unistd.h>
| #endif
| #include <readline.h>
configure:20295: result: no
configure:20299: checking readline.h presence
configure:20309: gcc -E  conftest.c
conftest.c:25:22: fatal error: readline.h: No such file or directory
 #include <readline.h>
                      ^
compilation terminated.
configure:20315: $? = 1
configure: failed program was:
| /* confdefs.h.  */
| 
| #define PACKAGE_NAME ""
| #define PACKAGE_TARNAME ""
| #define PACKAGE_VERSION ""
| #define PACKAGE_STRING ""
| #define PACKAGE_BUGREPORT ""
| #define STDC_HEADERS 1
| #define HAVE_SYS_TYPES_H 1
| #define HAVE_SYS_STAT_H 1
| #define HAVE_STDLIB_H 1
| #define HAVE_STRING_H 1
| #define HAVE_MEMORY_H 1
| #define HAVE_STRINGS_H 1
| #define HAVE_INTTYPES_H 1
| #define HAVE_STDINT_H 1
| #define HAVE_UNISTD_H 1
| #define HAVE_DLFCN_H 1
| #ifdef __cplusplus
| extern "C" void exit (int) throw ();
| #endif
| #define HAVE_LIBDL 1
| #define HAVE_LIBREADLINE 1
| /* end confdefs.h.  */
| #include <readline.h>
configure:20335: result: no
configure:20370: checking for readline.h
configure:20377: result: no
configure:20390: checking for /usr/include/readline.h
configure:20405: result: no
configure:20416: checking for /usr/include/readline/readline.h
configure:20431: result: yes
configure:20458: checking for usleep
configure:20515: gcc -o conftest -g -O2   conftest.c -lreadline -lncurses  >&5
configure:20521: $? = 0
configure:20524: test -z 			 || test ! -s conftest.err
configure:20527: $? = 0
configure:20530: test -s conftest
configure:20533: $? = 0
configure:20545: result: yes
configure:20682: creating ./config.status

## ---------------------- ##
## Running config.status. ##
## ---------------------- ##

This file was extended by config.status, which was
generated by GNU Autoconf 2.59.  Invocation command line was

  CONFIG_FILES    = 
  CONFIG_HEADERS  = 
  CONFIG_LINKS    = 
  CONFIG_COMMANDS = 
  $ ./config.status 

on PJH-SERVER

config.status:731: creating Makefile
config.status:731: creating sqlite.pc

## ---------------- ##
## Cache variables. ##
## ---------------- ##

ac_cv_build=x86_64-unknown-linux-gnu
ac_cv_build_alias=x86_64-unknown-linux-gnu
ac_cv_c_compiler_gnu=yes
ac_cv_cxx_compiler_gnu=yes
ac_cv_env_CC_set=
ac_cv_env_CC_value=
ac_cv_env_CFLAGS_set=
ac_cv_env_CFLAGS_value=
ac_cv_env_CPPFLAGS_set=
ac_cv_env_CPPFLAGS_value=
ac_cv_env_CPP_set=
ac_cv_env_CPP_value=
ac_cv_env_CXXCPP_set=
ac_cv_env_CXXCPP_value=
ac_cv_env_CXXFLAGS_set=
ac_cv_env_CXXFLAGS_value=
ac_cv_env_CXX_set=
ac_cv_env_CXX_value=
ac_cv_env_F77_set=
ac_cv_env_F77_value=
ac_cv_env_FFLAGS_set=
ac_cv_env_FFLAGS_value=
ac_cv_env_LDFLAGS_set=
ac_cv_env_LDFLAGS_value=
ac_cv_env_build_alias_set=
ac_cv_env_build_alias_value=
ac_cv_env_host_alias_set=
ac_cv_env_host_alias_value=
ac_cv_env_target_alias_set=
ac_cv_env_target_alias_value=
ac_cv_exeext=
ac_cv_f77_compiler_gnu=no
ac_cv_file__usr_X11R6_include_tcl_h=no
ac_cv_file__usr_X11_include_tcl_h=no
ac_cv_file__usr_contrib_include_tcl_h=no
ac_cv_file__usr_include_readline_h=no
ac_cv_file__usr_include_readline_readline_h=yes
ac_cv_file__usr_include_tcl_h=no
ac_cv_file__usr_local_include_tcl_h=no
ac_cv_file__usr_pkg_include_tcl_h=no
ac_cv_func_sin=no
ac_cv_func_usleep=yes
ac_cv_header_dlfcn_h=yes
ac_cv_header_inttypes_h=yes
ac_cv_header_memory_h=yes
ac_cv_header_readline_h=no
ac_cv_header_stdc=yes
ac_cv_header_stdint_h=yes
ac_cv_header_stdlib_h=yes
ac_cv_header_string_h=yes
ac_cv_header_strings_h=yes
ac_cv_header_sys_stat_h=yes
ac_cv_header_sys_types_h=yes
ac_cv_header_tcl_h=no
ac_cv_header_unistd_h=yes
ac_cv_host=x86_64-unknown-linux-gnu
ac_cv_host_alias=x86_64-unknown-linux-gnu
ac_cv_lib_dl_dlopen=yes
ac_cv_lib_readline_readline=yes
ac_cv_objext=o
ac_cv_path_install='/usr/bin/install -c'
ac_cv_prog_CPP='gcc -E'
ac_cv_prog_CXXCPP='g++ -E'
ac_cv_prog_ac_ct_AR=ar
ac_cv_prog_ac_ct_CC=gcc
ac_cv_prog_ac_ct_CXX=g++
ac_cv_prog_ac_ct_RANLIB=ranlib
ac_cv_prog_ac_ct_STRIP=strip
ac_cv_prog_cc_g=yes
ac_cv_prog_cc_stdc=
ac_cv_prog_cxx_g=yes
ac_cv_prog_egrep='grep -E'
ac_cv_prog_f77_g=no
ac_cv_search_Tcl_Init=no
ac_cv_search_tgetent=-lncurses
lt_cv_deplibs_check_method=pass_all
lt_cv_file_magic_cmd='$MAGIC_CMD'
lt_cv_file_magic_test_file=
lt_cv_ld_reload_flag=-r
lt_cv_objdir=.libs
lt_cv_path_LD=/usr/bin/ld
lt_cv_path_LDCXX='/usr/bin/ld -m elf_x86_64'
lt_cv_path_NM='/usr/bin/nm -B'
lt_cv_path_SED=/bin/sed
lt_cv_prog_compiler_c_o=yes
lt_cv_prog_compiler_c_o_CXX=yes
lt_cv_prog_compiler_rtti_exceptions=no
lt_cv_prog_gnu_ld=yes
lt_cv_prog_gnu_ldcxx=yes
lt_cv_sys_global_symbol_pipe='sed -n -e '\''s/^.*[ 	]\([ABCDGIRSTW][ABCDGIRSTW]*\)[ 	][ 	]*\(\)\([_A-Za-z][_A-Za-z0-9]*\)$/\1 \2\3 \3/p'\'''
lt_cv_sys_global_symbol_to_c_name_address='sed -n -e '\''s/^: \([^ ]*\) $/  {\"\1\", (lt_ptr) 0},/p'\'' -e '\''s/^[BCDEGRST] \([^ ]*\) \([^ ]*\)$/  {"\2", (lt_ptr) \&\2},/p'\'''
lt_cv_sys_global_symbol_to_cdecl='sed -n -e '\''s/^. .* \(.*\)$/extern int \1;/p'\'''
lt_cv_sys_max_cmd_len=32768
lt_lt_cv_prog_compiler_c_o='"yes"'
lt_lt_cv_prog_compiler_c_o_CXX='"yes"'
lt_lt_cv_sys_global_symbol_pipe='"sed -n -e '\''s/^.*[ 	]\\([ABCDGIRSTW][ABCDGIRSTW]*\\)[ 	][ 	]*\\(\\)\\([_A-Za-z][_A-Za-z0-9]*\\)\$/\\1 \\2\\3 \\3/p'\''"'
lt_lt_cv_sys_global_symbol_to_c_name_address='"sed -n -e '\''s/^: \\([^ ]*\\) \$/  {\\\"\\1\\\", (lt_ptr) 0},/p'\'' -e '\''s/^[BCDEGRST] \\([^ ]*\\) \\([^ ]*\\)\$/  {\"\\2\", (lt_ptr) \\&\\2},/p'\''"'
lt_lt_cv_sys_global_symbol_to_cdecl='"sed -n -e '\''s/^. .* \\(.*\\)\$/extern int \\1;/p'\''"'

## ----------------- ##
## Output variables. ##
## ----------------- ##

ALLOWATTACHMEM=''
ALLOWRELEASE=''
AR='ar'
BUILD_CC='gcc'
BUILD_CFLAGS='-g -O2'
BUILD_EXEEXT=''
BUILD_LIBS=''
CC='gcc'
CFLAGS='-g -O2'
CPP='gcc -E'
CPPFLAGS=''
CXX='g++'
CXXCPP='g++ -E'
CXXFLAGS='-g -O2'
DEFS='-DPACKAGE_NAME=\"\" -DPACKAGE_TARNAME=\"\" -DPACKAGE_VERSION=\"\" -DPACKAGE_STRING=\"\" -DPACKAGE_BUGREPORT=\"\" -DSTDC_HEADERS=1 -DHAVE_SYS_TYPES_H=1 -DHAVE_SYS_STAT_H=1 -DHAVE_STDLIB_H=1 -DHAVE_STRING_H=1 -DHAVE_MEMORY_H=1 -DHAVE_STRINGS_H=1 -DHAVE_INTTYPES_H=1 -DHAVE_STDINT_H=1 -DHAVE_UNISTD_H=1 -DHAVE_DLFCN_H=1 -DHAVE_LIBDL=1 -DHAVE_LIBREADLINE=1 '
ECHO='echo'
ECHO_C=''
ECHO_N='-n'
ECHO_T=''
EGREP='grep -E'
ENCODING='ISO8859'
EXEEXT=''
F77=''
FFLAGS=''
INMEMORYDB='1'
INSTALL_DATA='${INSTALL} -m 644'
INSTALL_PROGRAM='${INSTALL}'
INSTALL_SCRIPT='${INSTALL}'
LDFLAGS=''
LIBOBJS=''
LIBS='-lreadline -lncurses '
LIBTOOL='$(SHELL) $(top_builddir)/libtool'
LN_S='ln -s'
LTLIBOBJS=''
OBJEXT='o'
OS_UNIX='1'
OS_WIN='0'
PACKAGE_BUGREPORT=''
PACKAGE_NAME=''
PACKAGE_STRING=''
PACKAGE_TARNAME=''
PACKAGE_VERSION=''
PATH_SEPARATOR=':'
RANLIB='ranlib'
SHELL='/bin/bash'
STRIP='strip'
TARGET_AR='ar cr'
TARGET_CC='gcc'
TARGET_CFLAGS='-g -O2 -DOS_UNIX=1 -DOS_WIN=0 -DHAVE_USLEEP=1'
TARGET_EXEEXT=''
TARGET_HAVE_READLINE='1'
TARGET_LFLAGS=''
TARGET_LIBS=''
TARGET_LINK='gcc'
TARGET_RANLIB='ranlib'
TARGET_READLINE_INC='-I/usr/include/readline'
TARGET_READLINE_LIBS='-lreadline -lncurses '
TARGET_TCL_INC='-DNO_TCL=1'
TARGET_TCL_LIBS=' -ldl -lm'
TEMP_STORE='1'
VERSION=''
ac_ct_AR='ar'
ac_ct_CC='gcc'
ac_ct_CXX='g++'
ac_ct_F77=''
ac_ct_RANLIB='ranlib'
ac_ct_STRIP='strip'
bindir='${exec_prefix}/bin'
build='x86_64-unknown-linux-gnu'
build_alias=''
build_cpu='x86_64'
build_os='linux-gnu'
build_vendor='unknown'
datadir='${prefix}/share'
exec_prefix='${prefix}'
host='PJH-SERVER'
host_alias=''
host_cpu='x86_64'
host_os='linux-gnu'
host_vendor='unknown'
includedir='${prefix}/include'
infodir='${prefix}/info'
libdir='${exec_prefix}/lib'
libexecdir='${exec_prefix}/libexec'
localstatedir='${prefix}/var'
mandir='${prefix}/man'
oldincludedir='/usr/include'
prefix='/usr/local'
program_prefix=''
program_transform_name='s,x,x,'
sbindir='${exec_prefix}/sbin'
sharedstatedir='${prefix}/com'
sysconfdir='${prefix}/etc'
target_alias=''

## ----------- ##
## confdefs.h. ##
## ----------- ##

#define HAVE_DLFCN_H 1
#define HAVE_INTTYPES_H 1
#define HAVE_LIBDL 1
#define HAVE_LIBREADLINE 1
#define HAVE_MEMORY_H 1
#define HAVE_STDINT_H 1
#define HAVE_STDLIB_H 1
#define HAVE_STRINGS_H 1
#define HAVE_STRING_H 1
#define HAVE_SYS_STAT_H 1
#define HAVE_SYS_TYPES_H 1
#define HAVE_UNISTD_H 1
#define PACKAGE_BUGREPORT ""
#define PACKAGE_NAME ""
#define PACKAGE_STRING ""
#define PACKAGE_TARNAME ""
#define PACKAGE_VERSION ""
#define STDC_HEADERS 1
#endif
#ifdef __cplusplus
extern "C" void exit (int) throw ();

configure: exit 0
